Unity Editor version:    2021.3.3f1 (af2e63e8f9bd)
Branch:                  2021.3/staging
Build type:              Release
Batch mode:              YES
macOS version:           Version 12.4 (Build 21F79)
Darwin version:          21.5.0
Architecture:            x86_64
Running under Rosetta:   NO
Available memory:        16384 MB
Using pre-set license
Pro License: YES

COMMAND LINE ARGUMENTS:
/Applications/Unity/Hub/Editor/2021.3.3f1/Unity.app/Contents/MacOS/Unity
-adb2
-batchMode
-noUpm
-name
AssetImportWorker0
-projectPath
/Users/celeloup/game_jam_gaite_lyrique
-logFile
Logs/AssetImportWorker0.log
-srvPort
51462
Successfully changed project path to: /Users/celeloup/game_jam_gaite_lyrique
/Users/celeloup/game_jam_gaite_lyrique
[UnityMemory] Configuration Parameters - Can be set up in boot.config
    "memorysetup-bucket-allocator-granularity=16"
    "memorysetup-bucket-allocator-bucket-count=8"
    "memorysetup-bucket-allocator-block-size=33554432"
    "memorysetup-bucket-allocator-block-count=8"
    "memorysetup-main-allocator-block-size=16777216"
    "memorysetup-thread-allocator-block-size=16777216"
    "memorysetup-gfx-main-allocator-block-size=16777216"
    "memorysetup-gfx-thread-allocator-block-size=16777216"
    "memorysetup-cache-allocator-block-size=4194304"
    "memorysetup-typetree-allocator-block-size=2097152"
    "memorysetup-profiler-bucket-allocator-granularity=16"
    "memorysetup-profiler-bucket-allocator-bucket-count=8"
    "memorysetup-profiler-bucket-allocator-block-size=33554432"
    "memorysetup-profiler-bucket-allocator-block-count=8"
    "memorysetup-profiler-allocator-block-size=16777216"
    "memorysetup-profiler-editor-allocator-block-size=1048576"
    "memorysetup-temp-allocator-size-main=16777216"
    "memorysetup-job-temp-allocator-block-size=2097152"
    "memorysetup-job-temp-allocator-block-size-background=1048576"
    "memorysetup-job-temp-allocator-reduction-small-platforms=262144"
    "memorysetup-temp-allocator-size-background-worker=32768"
    "memorysetup-temp-allocator-size-job-worker=262144"
    "memorysetup-temp-allocator-size-preload-manager=33554432"
    "memorysetup-temp-allocator-size-nav-mesh-worker=65536"
    "memorysetup-temp-allocator-size-audio-worker=65536"
    "memorysetup-temp-allocator-size-cloud-worker=32768"
    "memorysetup-temp-allocator-size-gi-baking-worker=262144"
    "memorysetup-temp-allocator-size-gfx=262144"
Refreshing native plugins compatible for Editor in 97.83 ms, found 2 plugins.
Preloading 0 native plugins for Editor in 0.00 ms.
Initialize engine version: 2021.3.3f1 (af2e63e8f9bd)
[Subsystems] Discovering subsystems at path /Applications/Unity/Hub/Editor/2021.3.3f1/Unity.app/Contents/Resources/UnitySubsystems
[Subsystems] Discovering subsystems at path /Users/celeloup/game_jam_gaite_lyrique/Assets
GfxDevice: creating device client; threaded=0; jobified=0
Color LCD preferred device: Intel(R) Iris(TM) Plus Graphics 640 (low power)
Metal devices available: 1
0: Intel(R) Iris(TM) Plus Graphics 640 (low power)
Using device Intel(R) Iris(TM) Plus Graphics 640 (low power)
Initializing Metal device caps: Intel(R) Iris(TM) Plus Graphics 640
Initialize mono
Mono path[0] = '/Applications/Unity/Hub/Editor/2021.3.3f1/Unity.app/Contents/Managed'
Mono path[1] = '/Applications/Unity/Hub/Editor/2021.3.3f1/Unity.app/Contents/MonoBleedingEdge/lib/mono/unityjit-macos'
Mono config path = '/Applications/Unity/Hub/Editor/2021.3.3f1/Unity.app/Contents/MonoBleedingEdge/etc'
Using monoOptions --debugger-agent=transport=dt_socket,embedding=1,server=y,suspend=n,address=127.0.0.1:56825
Begin MonoManager ReloadAssembly
Registering precompiled unity dll's ...
Register platform support module: /Applications/Unity/Hub/Editor/2021.3.3f1/PlaybackEngines/WebGLSupport/UnityEditor.WebGL.Extensions.dll
Register platform support module: /Applications/Unity/Hub/Editor/2021.3.3f1/Unity.app/Contents/PlaybackEngines/MacStandaloneSupport/UnityEditor.OSXStandalone.Extensions.dll
Registered in 0.001376 seconds.
Native extension for OSXStandalone target not found
Native extension for WebGL target not found
Refreshing native plugins compatible for Editor in 93.28 ms, found 2 plugins.
Preloading 0 native plugins for Editor in 0.00 ms.
Mono: successfully reloaded assembly
- Completed reload, in  0.822 seconds
Domain Reload Profiling:
	ReloadAssembly (822ms)
		BeginReloadAssembly (67ms)
			ExecutionOrderSort (0ms)
			DisableScriptedObjects (0ms)
			BackupInstance (0ms)
			ReleaseScriptingObjects (0ms)
			CreateAndSetChildDomain (1ms)
		EndReloadAssembly (601ms)
			LoadAssemblies (67ms)
			RebuildTransferFunctionScriptingTraits (0ms)
			SetupTypeCache (160ms)
			ReleaseScriptCaches (0ms)
			RebuildScriptCaches (39ms)
			SetupLoadedEditorAssemblies (345ms)
				LogAssemblyErrors (0ms)
				InitializePlatformSupportModulesInManaged (8ms)
				SetLoadedEditorAssemblies (0ms)
				RefreshPlugins (93ms)
				BeforeProcessingInitializeOnLoad (1ms)
				ProcessInitializeOnLoadAttributes (180ms)
				ProcessInitializeOnLoadMethodAttributes (62ms)
				AfterProcessingInitializeOnLoad (0ms)
				EditorAssembliesLoaded (0ms)
			ExecutionOrderSort2 (0ms)
			AwakeInstancesAfterBackupRestoration (0ms)
Platform modules already initialized, skipping
Registering precompiled user dll's ...
Registered in 0.002601 seconds.
Begin MonoManager ReloadAssembly
Symbol file LoadedFromMemory doesn't match image /Users/celeloup/game_jam_gaite_lyrique/Library/PackageCache/com.unity.visualscripting@1.7.6/Editor/VisualScripting.Core/Dependencies/YamlDotNet/Unity.VisualScripting.YamlDotNet.dll
Symbol file LoadedFromMemory doesn't match image /Users/celeloup/game_jam_gaite_lyrique/Library/PackageCache/com.unity.visualscripting@1.7.6/Editor/VisualScripting.Core/Dependencies/DotNetZip/Unity.VisualScripting.IonicZip.dll
Native extension for OSXStandalone target not found
Native extension for WebGL target not found
Refreshing native plugins compatible for Editor in 0.60 ms, found 2 plugins.
Preloading 0 native plugins for Editor in 0.00 ms.
Mono: successfully reloaded assembly
- Completed reload, in  1.294 seconds
Domain Reload Profiling:
	ReloadAssembly (1295ms)
		BeginReloadAssembly (121ms)
			ExecutionOrderSort (0ms)
			DisableScriptedObjects (8ms)
			BackupInstance (0ms)
			ReleaseScriptingObjects (0ms)
			CreateAndSetChildDomain (28ms)
		EndReloadAssembly (1022ms)
			LoadAssemblies (70ms)
			RebuildTransferFunctionScriptingTraits (0ms)
			SetupTypeCache (364ms)
			ReleaseScriptCaches (1ms)
			RebuildScriptCaches (72ms)
			SetupLoadedEditorAssemblies (446ms)
				LogAssemblyErrors (0ms)
				InitializePlatformSupportModulesInManaged (7ms)
				SetLoadedEditorAssemblies (1ms)
				RefreshPlugins (1ms)
				BeforeProcessingInitializeOnLoad (91ms)
				ProcessInitializeOnLoadAttributes (311ms)
				ProcessInitializeOnLoadMethodAttributes (35ms)
				AfterProcessingInitializeOnLoad (1ms)
				EditorAssembliesLoaded (0ms)
			ExecutionOrderSort2 (0ms)
			AwakeInstancesAfterBackupRestoration (5ms)
Platform modules already initialized, skipping
========================================================================
Worker process is ready to serve import requests
Launching external process: /Applications/Unity/Hub/Editor/2021.3.3f1/Unity.app/Contents/Tools/UnityShaderCompiler
Launched and connected shader compiler UnityShaderCompiler after 0.07 seconds
Refreshing native plugins compatible for Editor in 0.69 ms, found 2 plugins.
Preloading 0 native plugins for Editor in 0.00 ms.
Unloading 3360 Unused Serialized files (Serialized files now loaded: 0)
Unloading 26 unused Assets / (95.9 KB). Loaded Objects now: 3818.
Memory consumption went from 225.1 MB to 225.0 MB.
Total: 3.553572 ms (FindLiveObjects: 0.292701 ms CreateObjectMapping: 0.210823 ms MarkObjects: 2.922320 ms  DeleteObjects: 0.126719 ms)

AssetImportParameters requested are different than current active one (requested -> active):
  custom:video-decoder-ogg-theora: a1e56fd34408186e4bbccfd4996cb3dc -> 
  custom:container-muxer-webm: aa71ff27fc2769a1b78a27578f13a17b -> 
  custom:container-demuxer-webm: 4f35f7cbe854078d1ac9338744f61a02 -> 
  custom:video-encoder-webm-vp8: eb34c28f22e8b96e1ab97ce403110664 -> 
  custom:framework-osx-AVFoundation: e770b220cccbd017edd2c1fefb359320 -> 
  custom:audio-encoder-webm-vorbis: bf7c407c2cedff20999df2af8eb42d56 -> 
  custom:container-demuxer-ogg: 62fdf1f143b41e24485cea50d1cbac27 -> 
  custom:video-decoder-webm-vp8: 9c59270c3fd7afecdb556c50c9e8de78 -> 
  custom:audio-decoder-ogg-vorbis: bf7c407c2cedff20999df2af8eb42d56 -> 
========================================================================
Received Import Request.
  Time since last request: 17026.319986 seconds.
  path: Assets/Scenes
  artifactKey: Guid(6ea315d0fd7389c41b19996891e99ae3) Importer(815301076,1909f56bfc062723c751e8b465ee728b)
Start importing Assets/Scenes using Guid(6ea315d0fd7389c41b19996891e99ae3) Importer(815301076,1909f56bfc062723c751e8b465ee728b)  -> (artifact id: 'b8193726cff86800c54781cdc6d54904') in 0.006936 seconds 
========================================================================
Received Import Request.
  Time since last request: 0.000075 seconds.
  path: Assets/Scenes/SampleScene.unity
  artifactKey: Guid(9fc0d4010bbf28b4594072e72b8655ab) Importer(815301076,1909f56bfc062723c751e8b465ee728b)
Start importing Assets/Scenes/SampleScene.unity using Guid(9fc0d4010bbf28b4594072e72b8655ab) Importer(815301076,1909f56bfc062723c751e8b465ee728b)  -> (artifact id: '0c1830eea417e4aedb6d392e9111ccd0') in 0.000876 seconds 
========================================================================
Received Import Request.
  Time since last request: 49.261061 seconds.
  path: Assets/Ardity
  artifactKey: Guid(c1fc2cfca47ee4048b742f3abbf58368) Importer(815301076,1909f56bfc062723c751e8b465ee728b)
Start importing Assets/Ardity using Guid(c1fc2cfca47ee4048b742f3abbf58368) Importer(815301076,1909f56bfc062723c751e8b465ee728b)  -> (artifact id: '8830e83d4e5cefd520ac3d67a3dc3184') in 0.004628 seconds 
========================================================================
Received Import Request.
  Time since last request: 1.522854 seconds.
  path: Assets/Ardity/Scripts
  artifactKey: Guid(1bc0a682385922e4f9c223627cc3e21c) Importer(815301076,1909f56bfc062723c751e8b465ee728b)
Start importing Assets/Ardity/Scripts using Guid(1bc0a682385922e4f9c223627cc3e21c) Importer(815301076,1909f56bfc062723c751e8b465ee728b)  -> (artifact id: 'e7c513f437c8200cc2bb4526d63c16ec') in 0.002643 seconds 
========================================================================
Received Import Request.
  Time since last request: 1.964248 seconds.
  path: Assets/Ardity/Scripts/SerialController.cs
  artifactKey: Guid(8bc5f48af2cffd747a079fe8c632e2c8) Importer(815301076,1909f56bfc062723c751e8b465ee728b)
Start importing Assets/Ardity/Scripts/SerialController.cs using Guid(8bc5f48af2cffd747a079fe8c632e2c8) Importer(815301076,1909f56bfc062723c751e8b465ee728b)  -> (artifact id: 'e42928907eb095b658b2b2edcbe605e1') in 0.397837 seconds 
========================================================================
Received Import Request.
  Time since last request: 3.557441 seconds.
  path: Assets/Ardity/Scripts/SerialControllerCustomDelimiter.cs
  artifactKey: Guid(223f0e4bcadad324e9ab9a12c33326a1) Importer(815301076,1909f56bfc062723c751e8b465ee728b)
Start importing Assets/Ardity/Scripts/SerialControllerCustomDelimiter.cs using Guid(223f0e4bcadad324e9ab9a12c33326a1) Importer(815301076,1909f56bfc062723c751e8b465ee728b)  -> (artifact id: '225a2a1e43d163c8839d49dcc08831e9') in 0.003208 seconds 
========================================================================
Received Import Request.
  Time since last request: 137.428204 seconds.
  path: Assets/Ardity/Scripts/Samples
  artifactKey: Guid(fb564e11b72fd4246b44cf17edd81c00) Importer(815301076,1909f56bfc062723c751e8b465ee728b)
Start importing Assets/Ardity/Scripts/Samples using Guid(fb564e11b72fd4246b44cf17edd81c00) Importer(815301076,1909f56bfc062723c751e8b465ee728b)  -> (artifact id: '4258ced0720340746d4f57fa7b9a4161') in 0.002409 seconds 
========================================================================
Received Import Request.
  Time since last request: 1.227492 seconds.
  path: Assets/Ardity/Scripts/Samples/SampleCustomDelimiter.cs
  artifactKey: Guid(cc69f5bf38e48794ba71871e46f4bf57) Importer(815301076,1909f56bfc062723c751e8b465ee728b)
Start importing Assets/Ardity/Scripts/Samples/SampleCustomDelimiter.cs using Guid(cc69f5bf38e48794ba71871e46f4bf57) Importer(815301076,1909f56bfc062723c751e8b465ee728b)  -> (artifact id: '5a50042fcc69281ece90dfd82fe29e9f') in 0.002968 seconds 
========================================================================
Received Import Request.
  Time since last request: 2.241728 seconds.
  path: Assets/Ardity/Scripts/Samples/SampleMessageListener.cs
  artifactKey: Guid(1a03027548d784348a5d2b1fbe819cfa) Importer(815301076,1909f56bfc062723c751e8b465ee728b)
Start importing Assets/Ardity/Scripts/Samples/SampleMessageListener.cs using Guid(1a03027548d784348a5d2b1fbe819cfa) Importer(815301076,1909f56bfc062723c751e8b465ee728b)  -> (artifact id: '17167268b854836430da6908b5ea2fda') in 0.002903 seconds 
========================================================================
Received Import Request.
  Time since last request: 0.956713 seconds.
  path: Assets/Ardity/Scripts/Samples/SampleTearDown.cs
  artifactKey: Guid(e9eac196e6b8ea54098688bb8b14321b) Importer(815301076,1909f56bfc062723c751e8b465ee728b)
Start importing Assets/Ardity/Scripts/Samples/SampleTearDown.cs using Guid(e9eac196e6b8ea54098688bb8b14321b) Importer(815301076,1909f56bfc062723c751e8b465ee728b)  -> (artifact id: 'a41afe3005695d03d50b56e533465293') in 0.003257 seconds 
========================================================================
Received Import Request.
  Time since last request: 15.967241 seconds.
  path: Assets/Ardity/Scripts/Samples/SampleUserPolling_ReadWrite.cs
  artifactKey: Guid(7a1815ab8d05e6d41a977b43884b4079) Importer(815301076,1909f56bfc062723c751e8b465ee728b)
Start importing Assets/Ardity/Scripts/Samples/SampleUserPolling_ReadWrite.cs using Guid(7a1815ab8d05e6d41a977b43884b4079) Importer(815301076,1909f56bfc062723c751e8b465ee728b)  -> (artifact id: '9b51bc99ea2c869165fc62d7dd8d6fe4') in 0.003497 seconds 
========================================================================
Received Import Request.
  Time since last request: 1.236692 seconds.
  path: Assets/Ardity/Scripts/Samples/SampleUserPolling_JustRead.cs
  artifactKey: Guid(5eafe37a9721f1b42adb60967b9ab774) Importer(815301076,1909f56bfc062723c751e8b465ee728b)
Start importing Assets/Ardity/Scripts/Samples/SampleUserPolling_JustRead.cs using Guid(5eafe37a9721f1b42adb60967b9ab774) Importer(815301076,1909f56bfc062723c751e8b465ee728b)  -> (artifact id: '7257ba7ce56e3c6080f84f5ca41f4662') in 0.003185 seconds 
========================================================================
Received Import Request.
  Time since last request: 18.807327 seconds.
  path: Assets/Ardity/Scripts/Threads
  artifactKey: Guid(811fda74a4b436f43ba492dbf2d0c602) Importer(815301076,1909f56bfc062723c751e8b465ee728b)
Start importing Assets/Ardity/Scripts/Threads using Guid(811fda74a4b436f43ba492dbf2d0c602) Importer(815301076,1909f56bfc062723c751e8b465ee728b)  -> (artifact id: '1b9326eb893f3d65cda52c9a513ef639') in 0.002623 seconds 
========================================================================
Received Import Request.
  Time since last request: 1.504870 seconds.
  path: Assets/Ardity/Scripts/Threads/SerialThreadLines.cs
  artifactKey: Guid(90ada353031a1b44aab2cf9add446940) Importer(815301076,1909f56bfc062723c751e8b465ee728b)
Start importing Assets/Ardity/Scripts/Threads/SerialThreadLines.cs using Guid(90ada353031a1b44aab2cf9add446940) Importer(815301076,1909f56bfc062723c751e8b465ee728b)  -> (artifact id: '43db1873532382e8211fe5f65b6e9e23') in 0.003189 seconds 
========================================================================
Received Import Request.
  Time since last request: 1.217869 seconds.
  path: Assets/Ardity/Scripts/Threads/SerialThreadCustomDelimiter.cs
  artifactKey: Guid(e575dce1ef60f354c8c84be8706e0ad1) Importer(815301076,1909f56bfc062723c751e8b465ee728b)
Start importing Assets/Ardity/Scripts/Threads/SerialThreadCustomDelimiter.cs using Guid(e575dce1ef60f354c8c84be8706e0ad1) Importer(815301076,1909f56bfc062723c751e8b465ee728b)  -> (artifact id: '4a602dee879e93cb8e5104c1bddbd4c8') in 0.002940 seconds 
========================================================================
Received Import Request.
  Time since last request: 1.856090 seconds.
  path: Assets/Ardity/Scripts/Threads/SerialThread.cs
  artifactKey: Guid(e2ac5e10e1382d445ab3318ec42c1a0b) Importer(815301076,1909f56bfc062723c751e8b465ee728b)
Start importing Assets/Ardity/Scripts/Threads/SerialThread.cs using Guid(e2ac5e10e1382d445ab3318ec42c1a0b) Importer(815301076,1909f56bfc062723c751e8b465ee728b)  -> (artifact id: '9584aa98fa8fbe7302bb2243218d364b') in 0.002894 seconds 
========================================================================
Received Import Request.
  Time since last request: 1.890409 seconds.
  path: Assets/Ardity/Scripts/Threads/AbstractSerialThread.cs
  artifactKey: Guid(9aee283cf1f822a41983a949d01ebc3c) Importer(815301076,1909f56bfc062723c751e8b465ee728b)
Start importing Assets/Ardity/Scripts/Threads/AbstractSerialThread.cs using Guid(9aee283cf1f822a41983a949d01ebc3c) Importer(815301076,1909f56bfc062723c751e8b465ee728b)  -> (artifact id: 'b001404822f3c5481d4c4e1f076f77ab') in 0.003012 seconds 
